Build started 17/10/2020 21:08:45.
     1>Project "C:\Users\Admin\Desktop\NadiaAzriIVA2020\NadiaCascadedSoftShadowMapsCUBE\fast_realistic_soft_penumbra_shadows.vcxproj" on node 2 (build target(s)).
     1>InitializeBuildStatus:
         Creating "Release\SoftShadowsNadia.unsuccessfulbuild" because "AlwaysCreate" was specified.
       ClCompile:
         C:\Program Files (x86)\Microsoft Visual Studio 10.0\VC\bin\CL.exe /c /Zi /nologo /W3 /WX- /O2 /Oy- /GL /D WIN32 /D NDEBUG /D _WINDOWS /Gm- /EHsc /MT /GS /fp:precise /Zc:wchar_t /Zc:forScope /Fo"Release\\" /Fd"Release\vc100.pdb" /Gd /TP /analyze- /errorReport:prompt glmath.cpp SoftShadowsNadia.cpp string.cpp
         glmath.cpp
         SoftShadowsNadia.cpp
     1>c:\users\admin\desktop\nadiaazriiva2020\nadiacascadedsoftshadowmapscube\loaderobj.h(207): warning C4996: 'sscanf': This function or variable may be unsafe. Consider using sscanf_s instead. To disable deprecation, use _CRT_SECURE_NO_WARNINGS. See online help for details.
                 C:\Program Files (x86)\Microsoft Visual Studio 10.0\VC\include\stdio.h(325) : see declaration of 'sscanf'
     1>c:\users\admin\desktop\nadiaazriiva2020\nadiacascadedsoftshadowmapscube\loaderobj.h(213): warning C4996: 'sscanf': This function or variable may be unsafe. Consider using sscanf_s instead. To disable deprecation, use _CRT_SECURE_NO_WARNINGS. See online help for details.
                 C:\Program Files (x86)\Microsoft Visual Studio 10.0\VC\include\stdio.h(325) : see declaration of 'sscanf'
     1>c:\users\admin\desktop\nadiaazriiva2020\nadiacascadedsoftshadowmapscube\loaderobj.h(219): warning C4996: 'sscanf': This function or variable may be unsafe. Consider using sscanf_s instead. To disable deprecation, use _CRT_SECURE_NO_WARNINGS. See online help for details.
                 C:\Program Files (x86)\Microsoft Visual Studio 10.0\VC\include\stdio.h(325) : see declaration of 'sscanf'
     1>c:\users\admin\desktop\nadiaazriiva2020\nadiacascadedsoftshadowmapscube\loaderobj.h(225): warning C4996: 'sscanf': This function or variable may be unsafe. Consider using sscanf_s instead. To disable deprecation, use _CRT_SECURE_NO_WARNINGS. See online help for details.
                 C:\Program Files (x86)\Microsoft Visual Studio 10.0\VC\include\stdio.h(325) : see declaration of 'sscanf'
     1>c:\users\admin\desktop\nadiaazriiva2020\nadiacascadedsoftshadowmapscube\loaderobj.h(305): warning C4996: 'sscanf': This function or variable may be unsafe. Consider using sscanf_s instead. To disable deprecation, use _CRT_SECURE_NO_WARNINGS. See online help for details.
                 C:\Program Files (x86)\Microsoft Visual Studio 10.0\VC\include\stdio.h(325) : see declaration of 'sscanf'
     1>c:\users\admin\desktop\nadiaazriiva2020\nadiacascadedsoftshadowmapscube\loaderobj.h(308): warning C4996: 'sscanf': This function or variable may be unsafe. Consider using sscanf_s instead. To disable deprecation, use _CRT_SECURE_NO_WARNINGS. See online help for details.
                 C:\Program Files (x86)\Microsoft Visual Studio 10.0\VC\include\stdio.h(325) : see declaration of 'sscanf'
     1>c:\users\admin\desktop\nadiaazriiva2020\nadiacascadedsoftshadowmapscube\loaderobj.h(325): warning C4996: 'sscanf': This function or variable may be unsafe. Consider using sscanf_s instead. To disable deprecation, use _CRT_SECURE_NO_WARNINGS. See online help for details.
                 C:\Program Files (x86)\Microsoft Visual Studio 10.0\VC\include\stdio.h(325) : see declaration of 'sscanf'
     1>c:\users\admin\desktop\nadiaazriiva2020\nadiacascadedsoftshadowmapscube\loaderobj.h(328): warning C4996: 'sscanf': This function or variable may be unsafe. Consider using sscanf_s instead. To disable deprecation, use _CRT_SECURE_NO_WARNINGS. See online help for details.
                 C:\Program Files (x86)\Microsoft Visual Studio 10.0\VC\include\stdio.h(325) : see declaration of 'sscanf'
     1>c:\users\admin\desktop\nadiaazriiva2020\nadiacascadedsoftshadowmapscube\loaderobj.h(330): warning C4996: 'sscanf': This function or variable may be unsafe. Consider using sscanf_s instead. To disable deprecation, use _CRT_SECURE_NO_WARNINGS. See online help for details.
                 C:\Program Files (x86)\Microsoft Visual Studio 10.0\VC\include\stdio.h(325) : see declaration of 'sscanf'
     1>c:\users\admin\desktop\nadiaazriiva2020\nadiacascadedsoftshadowmapscube\loaderobj.h(353): warning C4996: 'sscanf': This function or variable may be unsafe. Consider using sscanf_s instead. To disable deprecation, use _CRT_SECURE_NO_WARNINGS. See online help for details.
                 C:\Program Files (x86)\Microsoft Visual Studio 10.0\VC\include\stdio.h(325) : see declaration of 'sscanf'
     1>c:\users\admin\desktop\nadiaazriiva2020\nadiacascadedsoftshadowmapscube\loaderobj.h(420): warning C4996: 'sscanf': This function or variable may be unsafe. Consider using sscanf_s instead. To disable deprecation, use _CRT_SECURE_NO_WARNINGS. See online help for details.
                 C:\Program Files (x86)\Microsoft Visual Studio 10.0\VC\include\stdio.h(325) : see declaration of 'sscanf'
     1>c:\users\admin\desktop\nadiaazriiva2020\nadiacascadedsoftshadowmapscube\loaderobj.h(423): warning C4996: 'sscanf': This function or variable may be unsafe. Consider using sscanf_s instead. To disable deprecation, use _CRT_SECURE_NO_WARNINGS. See online help for details.
                 C:\Program Files (x86)\Microsoft Visual Studio 10.0\VC\include\stdio.h(325) : see declaration of 'sscanf'
     1>c:\users\admin\desktop\nadiaazriiva2020\nadiacascadedsoftshadowmapscube\loaderobj.h(426): warning C4996: 'sscanf': This function or variable may be unsafe. Consider using sscanf_s instead. To disable deprecation, use _CRT_SECURE_NO_WARNINGS. See online help for details.
                 C:\Program Files (x86)\Microsoft Visual Studio 10.0\VC\include\stdio.h(325) : see declaration of 'sscanf'
     1>c:\users\admin\desktop\nadiaazriiva2020\nadiacascadedsoftshadowmapscube\loaderobj.h(428): warning C4996: 'sscanf': This function or variable may be unsafe. Consider using sscanf_s instead. To disable deprecation, use _CRT_SECURE_NO_WARNINGS. See online help for details.
                 C:\Program Files (x86)\Microsoft Visual Studio 10.0\VC\include\stdio.h(325) : see declaration of 'sscanf'
     1>c:\users\admin\desktop\nadiaazriiva2020\nadiacascadedsoftshadowmapscube\loaderobj.h(466): warning C4996: 'fopen': This function or variable may be unsafe. Consider using fopen_s instead. To disable deprecation, use _CRT_SECURE_NO_WARNINGS. See online help for details.
                 C:\Program Files (x86)\Microsoft Visual Studio 10.0\VC\include\stdio.h(234) : see declaration of 'fopen'
         string.cpp
       Link:
         C:\Program Files (x86)\Microsoft Visual Studio 10.0\VC\bin\link.exe /ERRORREPORT:PROMPT /OUT:"C:\Users\Admin\Desktop\NadiaAzriIVA2020\NadiaCascadedSoftShadowMapsCUBE\Release\SoftShadowsNadia.exe" /INCREMENTAL:NO /NOLOGO kernel32.lib user32.lib gdi32.lib winspool.lib comdlg32.lib advapi32.lib shell32.lib ole32.lib oleaut32.lib uuid.lib odbc32.lib odbccp32.lib /MANIFEST /ManifestFile:"Release\SoftShadowsNadia.exe.intermediate.manifest" /MANIFESTUAC:"level='asInvoker' uiAccess='false'" /DEBUG /PDB:"C:\Users\Admin\Desktop\NadiaAzriIVA2020\NadiaCascadedSoftShadowMapsCUBE\Release\SoftShadowsNadia.pdb" /SUBSYSTEM:WINDOWS /OPT:REF /OPT:ICF /LTCG /TLBID:1 /DYNAMICBASE /NXCOMPAT /IMPLIB:"C:\Users\Admin\Desktop\NadiaAzriIVA2020\NadiaCascadedSoftShadowMapsCUBE\Release\SoftShadowsNadia.lib" /MACHINE:X86 Release\glmath.obj
         Release\SoftShadowsNadia.obj
         Release\string.obj
         Generating code
         Finished generating code
         fast_realistic_soft_penumbra_shadows.vcxproj -> C:\Users\Admin\Desktop\NadiaAzriIVA2020\NadiaCascadedSoftShadowMapsCUBE\Release\SoftShadowsNadia.exe
       Manifest:
         C:\Program Files (x86)\Microsoft SDKs\Windows\v7.0A\bin\mt.exe /nologo /verbose /outputresource:"C:\Users\Admin\Desktop\NadiaAzriIVA2020\NadiaCascadedSoftShadowMapsCUBE\Release\SoftShadowsNadia.exe;#1" /manifest Release\SoftShadowsNadia.exe.intermediate.manifest
       FinalizeBuildStatus:
         Deleting file "Release\SoftShadowsNadia.unsuccessfulbuild".
         Touching "Release\SoftShadowsNadia.lastbuildstate".
     1>Done Building Project "C:\Users\Admin\Desktop\NadiaAzriIVA2020\NadiaCascadedSoftShadowMapsCUBE\fast_realistic_soft_penumbra_shadows.vcxproj" (build target(s)).

Build succeeded.

Time Elapsed 00:00:09.46
