Build started 14/06/2020 19:02:25.
     1>Project "C:\Users\Admin\Desktop\results\NadiaCascadedSoftShadowMapsNadiaFinale\fast_realistic_soft_penumbra_shadows.vcxproj" on node 2 (rebuild target(s)).
     1>_PrepareForClean:
         Deleting file "Debug\SoftShadowsNadia.lastbuildstate".
       InitializeBuildStatus:
         Creating "Debug\SoftShadowsNadia.unsuccessfulbuild" because "AlwaysCreate" was specified.
       ClCompile:
         C:\Program Files (x86)\Microsoft Visual Studio 10.0\VC\bin\CL.exe /c /ZI /nologo /W3 /WX- /Od /Oy- /D WIN32 /D _DEBUG /D _WINDOWS /Gm /EHsc /RTC1 /MTd /GS /fp:precise /Zc:wchar_t /Zc:forScope /Fo"Debug\\" /Fd"Debug\vc100.pdb" /Gd /TP /analyze- /errorReport:prompt glmath.cpp SoftShadowsNadia.cpp string.cpp
         string.cpp
         SoftShadowsNadia.cpp
     1>c:\users\admin\desktop\results\nadiacascadedsoftshadowmapsnadiafinale\loaderobj.h(207): warning C4996: 'sscanf': This function or variable may be unsafe. Consider using sscanf_s instead. To disable deprecation, use _CRT_SECURE_NO_WARNINGS. See online help for details.
                 c:\program files (x86)\microsoft visual studio 10.0\vc\include\stdio.h(325) : see declaration of 'sscanf'
     1>c:\users\admin\desktop\results\nadiacascadedsoftshadowmapsnadiafinale\loaderobj.h(213): warning C4996: 'sscanf': This function or variable may be unsafe. Consider using sscanf_s instead. To disable deprecation, use _CRT_SECURE_NO_WARNINGS. See online help for details.
                 c:\program files (x86)\microsoft visual studio 10.0\vc\include\stdio.h(325) : see declaration of 'sscanf'
     1>c:\users\admin\desktop\results\nadiacascadedsoftshadowmapsnadiafinale\loaderobj.h(219): warning C4996: 'sscanf': This function or variable may be unsafe. Consider using sscanf_s instead. To disable deprecation, use _CRT_SECURE_NO_WARNINGS. See online help for details.
                 c:\program files (x86)\microsoft visual studio 10.0\vc\include\stdio.h(325) : see declaration of 'sscanf'
     1>c:\users\admin\desktop\results\nadiacascadedsoftshadowmapsnadiafinale\loaderobj.h(225): warning C4996: 'sscanf': This function or variable may be unsafe. Consider using sscanf_s instead. To disable deprecation, use _CRT_SECURE_NO_WARNINGS. See online help for details.
                 c:\program files (x86)\microsoft visual studio 10.0\vc\include\stdio.h(325) : see declaration of 'sscanf'
     1>c:\users\admin\desktop\results\nadiacascadedsoftshadowmapsnadiafinale\loaderobj.h(305): warning C4996: 'sscanf': This function or variable may be unsafe. Consider using sscanf_s instead. To disable deprecation, use _CRT_SECURE_NO_WARNINGS. See online help for details.
                 c:\program files (x86)\microsoft visual studio 10.0\vc\include\stdio.h(325) : see declaration of 'sscanf'
     1>c:\users\admin\desktop\results\nadiacascadedsoftshadowmapsnadiafinale\loaderobj.h(308): warning C4996: 'sscanf': This function or variable may be unsafe. Consider using sscanf_s instead. To disable deprecation, use _CRT_SECURE_NO_WARNINGS. See online help for details.
                 c:\program files (x86)\microsoft visual studio 10.0\vc\include\stdio.h(325) : see declaration of 'sscanf'
     1>c:\users\admin\desktop\results\nadiacascadedsoftshadowmapsnadiafinale\loaderobj.h(325): warning C4996: 'sscanf': This function or variable may be unsafe. Consider using sscanf_s instead. To disable deprecation, use _CRT_SECURE_NO_WARNINGS. See online help for details.
                 c:\program files (x86)\microsoft visual studio 10.0\vc\include\stdio.h(325) : see declaration of 'sscanf'
     1>c:\users\admin\desktop\results\nadiacascadedsoftshadowmapsnadiafinale\loaderobj.h(328): warning C4996: 'sscanf': This function or variable may be unsafe. Consider using sscanf_s instead. To disable deprecation, use _CRT_SECURE_NO_WARNINGS. See online help for details.
                 c:\program files (x86)\microsoft visual studio 10.0\vc\include\stdio.h(325) : see declaration of 'sscanf'
     1>c:\users\admin\desktop\results\nadiacascadedsoftshadowmapsnadiafinale\loaderobj.h(330): warning C4996: 'sscanf': This function or variable may be unsafe. Consider using sscanf_s instead. To disable deprecation, use _CRT_SECURE_NO_WARNINGS. See online help for details.
                 c:\program files (x86)\microsoft visual studio 10.0\vc\include\stdio.h(325) : see declaration of 'sscanf'
     1>c:\users\admin\desktop\results\nadiacascadedsoftshadowmapsnadiafinale\loaderobj.h(353): warning C4996: 'sscanf': This function or variable may be unsafe. Consider using sscanf_s instead. To disable deprecation, use _CRT_SECURE_NO_WARNINGS. See online help for details.
                 c:\program files (x86)\microsoft visual studio 10.0\vc\include\stdio.h(325) : see declaration of 'sscanf'
     1>c:\users\admin\desktop\results\nadiacascadedsoftshadowmapsnadiafinale\loaderobj.h(420): warning C4996: 'sscanf': This function or variable may be unsafe. Consider using sscanf_s instead. To disable deprecation, use _CRT_SECURE_NO_WARNINGS. See online help for details.
                 c:\program files (x86)\microsoft visual studio 10.0\vc\include\stdio.h(325) : see declaration of 'sscanf'
     1>c:\users\admin\desktop\results\nadiacascadedsoftshadowmapsnadiafinale\loaderobj.h(423): warning C4996: 'sscanf': This function or variable may be unsafe. Consider using sscanf_s instead. To disable deprecation, use _CRT_SECURE_NO_WARNINGS. See online help for details.
                 c:\program files (x86)\microsoft visual studio 10.0\vc\include\stdio.h(325) : see declaration of 'sscanf'
     1>c:\users\admin\desktop\results\nadiacascadedsoftshadowmapsnadiafinale\loaderobj.h(426): warning C4996: 'sscanf': This function or variable may be unsafe. Consider using sscanf_s instead. To disable deprecation, use _CRT_SECURE_NO_WARNINGS. See online help for details.
                 c:\program files (x86)\microsoft visual studio 10.0\vc\include\stdio.h(325) : see declaration of 'sscanf'
     1>c:\users\admin\desktop\results\nadiacascadedsoftshadowmapsnadiafinale\loaderobj.h(428): warning C4996: 'sscanf': This function or variable may be unsafe. Consider using sscanf_s instead. To disable deprecation, use _CRT_SECURE_NO_WARNINGS. See online help for details.
                 c:\program files (x86)\microsoft visual studio 10.0\vc\include\stdio.h(325) : see declaration of 'sscanf'
     1>c:\users\admin\desktop\results\nadiacascadedsoftshadowmapsnadiafinale\loaderobj.h(466): warning C4996: 'fopen': This function or variable may be unsafe. Consider using fopen_s instead. To disable deprecation, use _CRT_SECURE_NO_WARNINGS. See online help for details.
                 c:\program files (x86)\microsoft visual studio 10.0\vc\include\stdio.h(234) : see declaration of 'fopen'
         glmath.cpp
         Generating Code...
       ManifestResourceCompile:
         C:\Program Files (x86)\Microsoft SDKs\Windows\v7.0A\bin\rc.exe /nologo /fo"Debug\SoftShadowsNadia.exe.embed.manifest.res" Debug\SoftShadowsNadia_manifest.rc 
       Link:
         C:\Program Files (x86)\Microsoft Visual Studio 10.0\VC\bin\link.exe /ERRORREPORT:PROMPT /OUT:"C:\Users\Admin\Desktop\results\NadiaCascadedSoftShadowMapsNadiaFinale\Debug\SoftShadowsNadia.exe" /INCREMENTAL /NOLOGO kernel32.lib user32.lib gdi32.lib winspool.lib comdlg32.lib advapi32.lib shell32.lib ole32.lib oleaut32.lib uuid.lib odbc32.lib odbccp32.lib /MANIFEST /ManifestFile:"Debug\SoftShadowsNadia.exe.intermediate.manifest" /MANIFESTUAC:"level='asInvoker' uiAccess='false'" /DEBUG /PDB:"C:\Users\Admin\Desktop\results\NadiaCascadedSoftShadowMapsNadiaFinale\Debug\SoftShadowsNadia.pdb" /SUBSYSTEM:WINDOWS /TLBID:1 /DYNAMICBASE /NXCOMPAT /IMPLIB:"C:\Users\Admin\Desktop\results\NadiaCascadedSoftShadowMapsNadiaFinale\Debug\SoftShadowsNadia.lib" /MACHINE:X86 Debug\SoftShadowsNadia.exe.embed.manifest.res
         Debug\glmath.obj
         Debug\SoftShadowsNadia.obj
         Debug\string.obj
       Manifest:
         Deleting file "Debug\SoftShadowsNadia.exe.embed.manifest".
         C:\Program Files (x86)\Microsoft SDKs\Windows\v7.0A\bin\mt.exe /nologo /verbose /out:"Debug\SoftShadowsNadia.exe.embed.manifest" /manifest Debug\SoftShadowsNadia.exe.intermediate.manifest
         C:\Program Files (x86)\Microsoft SDKs\Windows\v7.0A\bin\rc.exe /nologo /fo"Debug\SoftShadowsNadia.exe.embed.manifest.res" Debug\SoftShadowsNadia_manifest.rc 
       LinkEmbedManifest:
         C:\Program Files (x86)\Microsoft Visual Studio 10.0\VC\bin\link.exe /ERRORREPORT:PROMPT /OUT:"C:\Users\Admin\Desktop\results\NadiaCascadedSoftShadowMapsNadiaFinale\Debug\SoftShadowsNadia.exe" /INCREMENTAL /NOLOGO kernel32.lib user32.lib gdi32.lib winspool.lib comdlg32.lib advapi32.lib shell32.lib ole32.lib oleaut32.lib uuid.lib odbc32.lib odbccp32.lib /MANIFEST /ManifestFile:"Debug\SoftShadowsNadia.exe.intermediate.manifest" /MANIFESTUAC:"level='asInvoker' uiAccess='false'" /DEBUG /PDB:"C:\Users\Admin\Desktop\results\NadiaCascadedSoftShadowMapsNadiaFinale\Debug\SoftShadowsNadia.pdb" /SUBSYSTEM:WINDOWS /TLBID:1 /DYNAMICBASE /NXCOMPAT /IMPLIB:"C:\Users\Admin\Desktop\results\NadiaCascadedSoftShadowMapsNadiaFinale\Debug\SoftShadowsNadia.lib" /MACHINE:X86 Debug\SoftShadowsNadia.exe.embed.manifest.res
         Debug\glmath.obj
         Debug\SoftShadowsNadia.obj
         Debug\string.obj
         fast_realistic_soft_penumbra_shadows.vcxproj -> C:\Users\Admin\Desktop\results\NadiaCascadedSoftShadowMapsNadiaFinale\Debug\SoftShadowsNadia.exe
       FinalizeBuildStatus:
         Deleting file "Debug\SoftShadowsNadia.unsuccessfulbuild".
         Touching "Debug\SoftShadowsNadia.lastbuildstate".
     1>Done Building Project "C:\Users\Admin\Desktop\results\NadiaCascadedSoftShadowMapsNadiaFinale\fast_realistic_soft_penumbra_shadows.vcxproj" (rebuild target(s)).

Build succeeded.

Time Elapsed 00:00:02.41
