C:\Users\Admin\Desktop\results\NadiaCascadedSoftShadowMapsNadiaFinale\Debug\cl.command.1.tlog
C:\Users\Admin\Desktop\results\NadiaCascadedSoftShadowMapsNadiaFinale\Debug\CL.read.1.tlog
C:\Users\Admin\Desktop\results\NadiaCascadedSoftShadowMapsNadiaFinale\Debug\CL.write.1.tlog
C:\USERS\ADMIN\DESKTOP\RESULTS\NADIACASCADEDSOFTSHADOWMAPSNADIAFINALE\DEBUG\GLMATH.OBJ
C:\Users\Admin\Desktop\results\NadiaCascadedSoftShadowMapsNadiaFinale\Debug\link.1952.read.1.tlog
C:\Users\Admin\Desktop\results\NadiaCascadedSoftShadowMapsNadiaFinale\Debug\link.1952.write.1.tlog
C:\Users\Admin\Desktop\results\NadiaCascadedSoftShadowMapsNadiaFinale\Debug\link.1952-cvtres.read.1.tlog
C:\Users\Admin\Desktop\results\NadiaCascadedSoftShadowMapsNadiaFinale\Debug\link.1952-cvtres.write.1.tlog
C:\Users\Admin\Desktop\results\NadiaCascadedSoftShadowMapsNadiaFinale\Debug\link.command.1.tlog
C:\Users\Admin\Desktop\results\NadiaCascadedSoftShadowMapsNadiaFinale\Debug\link.read.1.tlog
C:\Users\Admin\Desktop\results\NadiaCascadedSoftShadowMapsNadiaFinale\Debug\link.write.1.tlog
C:\Users\Admin\Desktop\results\NadiaCascadedSoftShadowMapsNadiaFinale\Debug\link-cvtres.read.1.tlog
C:\Users\Admin\Desktop\results\NadiaCascadedSoftShadowMapsNadiaFinale\Debug\link-cvtres.write.1.tlog
C:\Users\Admin\Desktop\results\NadiaCascadedSoftShadowMapsNadiaFinale\Debug\mt.command.1.tlog
C:\Users\Admin\Desktop\results\NadiaCascadedSoftShadowMapsNadiaFinale\Debug\mt.read.1.tlog
C:\Users\Admin\Desktop\results\NadiaCascadedSoftShadowMapsNadiaFinale\Debug\mt.write.1.tlog
C:\Users\Admin\Desktop\results\NadiaCascadedSoftShadowMapsNadiaFinale\Debug\rc.command.1.tlog
C:\Users\Admin\Desktop\results\NadiaCascadedSoftShadowMapsNadiaFinale\Debug\rc.read.1.tlog
C:\Users\Admin\Desktop\results\NadiaCascadedSoftShadowMapsNadiaFinale\Debug\rc.write.1.tlog
C:\USERS\ADMIN\DESKTOP\RESULTS\NADIACASCADEDSOFTSHADOWMAPSNADIAFINALE\DEBUG\SOFTSHADOWSNADIA.EXE
C:\USERS\ADMIN\DESKTOP\RESULTS\NADIACASCADEDSOFTSHADOWMAPSNADIAFINALE\DEBUG\SOFTSHADOWSNADIA.EXE.EMBED.MANIFEST
C:\USERS\ADMIN\DESKTOP\RESULTS\NADIACASCADEDSOFTSHADOWMAPSNADIAFINALE\DEBUG\SOFTSHADOWSNADIA.EXE.EMBED.MANIFEST.RES
C:\USERS\ADMIN\DESKTOP\RESULTS\NADIACASCADEDSOFTSHADOWMAPSNADIAFINALE\DEBUG\SOFTSHADOWSNADIA.EXE.INTERMEDIATE.MANIFEST
C:\USERS\ADMIN\DESKTOP\RESULTS\NADIACASCADEDSOFTSHADOWMAPSNADIAFINALE\DEBUG\SOFTSHADOWSNADIA.ILK
C:\USERS\ADMIN\DESKTOP\RESULTS\NADIACASCADEDSOFTSHADOWMAPSNADIAFINALE\DEBUG\SOFTSHADOWSNADIA.OBJ
C:\USERS\ADMIN\DESKTOP\RESULTS\NADIACASCADEDSOFTSHADOWMAPSNADIAFINALE\DEBUG\SOFTSHADOWSNADIA.PDB
C:\Users\Admin\Desktop\results\NadiaCascadedSoftShadowMapsNadiaFinale\Debug\SoftShadowsNadia.write.1.tlog
C:\Users\Admin\Desktop\results\NadiaCascadedSoftShadowMapsNadiaFinale\Debug\SoftShadowsNadia_manifest.rc
C:\USERS\ADMIN\DESKTOP\RESULTS\NADIACASCADEDSOFTSHADOWMAPSNADIAFINALE\DEBUG\STRING.OBJ
C:\Users\Admin\Desktop\results\NadiaCascadedSoftShadowMapsNadiaFinale\Debug\vc100.idb
C:\USERS\ADMIN\DESKTOP\RESULTS\NADIACASCADEDSOFTSHADOWMAPSNADIAFINALE\DEBUG\VC100.PDB
