C:\Users\Admin\Desktop\MichealSoftShadowMapsNadiaEnd\Release\cl.command.1.tlog
C:\Users\Admin\Desktop\MichealSoftShadowMapsNadiaEnd\Release\CL.read.1.tlog
C:\Users\Admin\Desktop\MichealSoftShadowMapsNadiaEnd\Release\CL.write.1.tlog
C:\USERS\ADMIN\DESKTOP\MICHEALSOFTSHADOWMAPSNADIAEND\RELEASE\GLMATH.OBJ
C:\Users\Admin\Desktop\MichealSoftShadowMapsNadiaEnd\Release\link.command.1.tlog
C:\Users\Admin\Desktop\MichealSoftShadowMapsNadiaEnd\Release\link.read.1.tlog
C:\Users\Admin\Desktop\MichealSoftShadowMapsNadiaEnd\Release\link.write.1.tlog
C:\Users\Admin\Desktop\MichealSoftShadowMapsNadiaEnd\Release\mt.command.1.tlog
C:\Users\Admin\Desktop\MichealSoftShadowMapsNadiaEnd\Release\mt.read.1.tlog
C:\Users\Admin\Desktop\MichealSoftShadowMapsNadiaEnd\Release\mt.write.1.tlog
C:\USERS\ADMIN\DESKTOP\MICHEALSOFTSHADOWMAPSNADIAEND\RELEASE\SOFTSHADOWSNADIA.EXE
C:\USERS\ADMIN\DESKTOP\MICHEALSOFTSHADOWMAPSNADIAEND\RELEASE\SOFTSHADOWSNADIA.EXE.INTERMEDIATE.MANIFEST
C:\USERS\ADMIN\DESKTOP\MICHEALSOFTSHADOWMAPSNADIAEND\RELEASE\SOFTSHADOWSNADIA.OBJ
C:\USERS\ADMIN\DESKTOP\MICHEALSOFTSHADOWMAPSNADIAEND\RELEASE\SOFTSHADOWSNADIA.PDB
C:\Users\Admin\Desktop\MichealSoftShadowMapsNadiaEnd\Release\SoftShadowsNadia.write.1.tlog
C:\USERS\ADMIN\DESKTOP\MICHEALSOFTSHADOWMAPSNADIAEND\RELEASE\STRING.OBJ
C:\USERS\ADMIN\DESKTOP\MICHEALSOFTSHADOWMAPSNADIAEND\RELEASE\VC100.PDB
C:\USERS\ADMIN\DESKTOP\MICHEALSOFTSHADOWMAPSNADIAFINALEWITHOUTSPECU\RELEASE\GLMATH.OBJ
C:\USERS\ADMIN\DESKTOP\MICHEALSOFTSHADOWMAPSNADIAFINALEWITHOUTSPECU\RELEASE\SOFTSHADOWSNADIA.EXE
C:\USERS\ADMIN\DESKTOP\MICHEALSOFTSHADOWMAPSNADIAFINALEWITHOUTSPECU\RELEASE\SOFTSHADOWSNADIA.EXE.INTERMEDIATE.MANIFEST
C:\USERS\ADMIN\DESKTOP\MICHEALSOFTSHADOWMAPSNADIAFINALEWITHOUTSPECU\RELEASE\SOFTSHADOWSNADIA.OBJ
C:\USERS\ADMIN\DESKTOP\MICHEALSOFTSHADOWMAPSNADIAFINALEWITHOUTSPECU\RELEASE\SOFTSHADOWSNADIA.PDB
C:\USERS\ADMIN\DESKTOP\MICHEALSOFTSHADOWMAPSNADIAFINALEWITHOUTSPECU\RELEASE\STRING.OBJ
C:\USERS\ADMIN\DESKTOP\MICHEALSOFTSHADOWMAPSNADIAFINALEWITHOUTSPECU\RELEASE\VC100.PDB
