C:\Users\Admin\Desktop\CascadedSoftShadowMapsNadia\Debug\cl.command.1.tlog
C:\Users\Admin\Desktop\CascadedSoftShadowMapsNadia\Debug\CL.read.1.tlog
C:\Users\Admin\Desktop\CascadedSoftShadowMapsNadia\Debug\CL.write.1.tlog
C:\Users\Admin\Desktop\CascadedSoftShadowMapsNadia\Debug\fast_realistic_soft_penumbra_shadows.vcxprojResolveAssemblyReference.cache
C:\USERS\ADMIN\DESKTOP\CASCADEDSOFTSHADOWMAPSNADIA\DEBUG\GLMATH.OBJ
C:\Users\Admin\Desktop\CascadedSoftShadowMapsNadia\Debug\link.6132.read.1.tlog
C:\Users\Admin\Desktop\CascadedSoftShadowMapsNadia\Debug\link.6132.write.1.tlog
C:\Users\Admin\Desktop\CascadedSoftShadowMapsNadia\Debug\link.6132-cvtres.read.1.tlog
C:\Users\Admin\Desktop\CascadedSoftShadowMapsNadia\Debug\link.6132-cvtres.write.1.tlog
C:\Users\Admin\Desktop\CascadedSoftShadowMapsNadia\Debug\link.command.1.tlog
C:\Users\Admin\Desktop\CascadedSoftShadowMapsNadia\Debug\link.read.1.tlog
C:\Users\Admin\Desktop\CascadedSoftShadowMapsNadia\Debug\link.write.1.tlog
C:\Users\Admin\Desktop\CascadedSoftShadowMapsNadia\Debug\link-cvtres.read.1.tlog
C:\Users\Admin\Desktop\CascadedSoftShadowMapsNadia\Debug\link-cvtres.write.1.tlog
C:\Users\Admin\Desktop\CascadedSoftShadowMapsNadia\Debug\mt.command.1.tlog
C:\Users\Admin\Desktop\CascadedSoftShadowMapsNadia\Debug\mt.read.1.tlog
C:\Users\Admin\Desktop\CascadedSoftShadowMapsNadia\Debug\mt.write.1.tlog
C:\Users\Admin\Desktop\CascadedSoftShadowMapsNadia\Debug\rc.command.1.tlog
C:\Users\Admin\Desktop\CascadedSoftShadowMapsNadia\Debug\rc.read.1.tlog
C:\Users\Admin\Desktop\CascadedSoftShadowMapsNadia\Debug\rc.write.1.tlog
C:\USERS\ADMIN\DESKTOP\CASCADEDSOFTSHADOWMAPSNADIA\DEBUG\SOFTSHADOWSNADIA.EXE
C:\USERS\ADMIN\DESKTOP\CASCADEDSOFTSHADOWMAPSNADIA\DEBUG\SOFTSHADOWSNADIA.EXE.EMBED.MANIFEST
C:\USERS\ADMIN\DESKTOP\CASCADEDSOFTSHADOWMAPSNADIA\DEBUG\SOFTSHADOWSNADIA.EXE.EMBED.MANIFEST.RES
C:\USERS\ADMIN\DESKTOP\CASCADEDSOFTSHADOWMAPSNADIA\DEBUG\SOFTSHADOWSNADIA.EXE.INTERMEDIATE.MANIFEST
C:\USERS\ADMIN\DESKTOP\CASCADEDSOFTSHADOWMAPSNADIA\DEBUG\SOFTSHADOWSNADIA.ILK
C:\USERS\ADMIN\DESKTOP\CASCADEDSOFTSHADOWMAPSNADIA\DEBUG\SOFTSHADOWSNADIA.OBJ
C:\USERS\ADMIN\DESKTOP\CASCADEDSOFTSHADOWMAPSNADIA\DEBUG\SOFTSHADOWSNADIA.PDB
C:\Users\Admin\Desktop\CascadedSoftShadowMapsNadia\Debug\SoftShadowsNadia.write.1.tlog
C:\Users\Admin\Desktop\CascadedSoftShadowMapsNadia\Debug\SoftShadowsNadia_manifest.rc
C:\USERS\ADMIN\DESKTOP\CASCADEDSOFTSHADOWMAPSNADIA\DEBUG\STRING.OBJ
C:\Users\Admin\Desktop\CascadedSoftShadowMapsNadia\Debug\vc100.idb
C:\USERS\ADMIN\DESKTOP\CASCADEDSOFTSHADOWMAPSNADIA\DEBUG\VC100.PDB
